<?xml version="1.0" encoding="UTF-8"?>
<!-- Generated by org.testng.reporters.JUnitReportReporter -->
<testsuite skipped="0" hostname="DESKTOP-JMS5GR3" name="com.goair.testcases.DriverClass" tests="1" failures="0" timestamp="27 Nov 2020 05:28:30 GMT" time="36.911" errors="0">
  <testcase name="MultiCityDriver" time="36.911" classname="com.goair.testcases.DriverClass"/>
</testsuite> <!-- com.goair.testcases.DriverClass -->
