<?xml version="1.0" encoding="UTF-8"?>
<!-- Generated by org.testng.reporters.JUnitReportReporter -->
<testsuite hostname="LAPTOP-6VECQCP1" failures="0" tests="5" name="com.goair.testcases.NegativeTest" time="103.930" errors="0" timestamp="01 Dec 2020 06:34:25 GMT" skipped="0">
  <testcase classname="com.goair.testcases.NegativeTest" name="negativeFlightStatus" time="28.894"/>
  <testcase classname="com.goair.testcases.NegativeTest" name="negativeFlightStatus" time="20.956"/>
  <testcase classname="com.goair.testcases.NegativeTest" name="negativeFlightStatus" time="15.331"/>
  <testcase classname="com.goair.testcases.NegativeTest" name="negativeFlightStatus" time="12.860"/>
  <testcase classname="com.goair.testcases.NegativeTest" name="negativeFlightStatus" time="25.889"/>
</testsuite> <!-- com.goair.testcases.NegativeTest -->
