<?xml version="1.0" encoding="UTF-8"?>
<!-- Generated by org.testng.reporters.JUnitReportReporter -->
<testsuite hostname="LAPTOP-6VECQCP1" failures="0" tests="4" name="com.goair.testcases.OneWayTripTest" time="47.438" errors="0" timestamp="01 Dec 2020 06:34:25 GMT" skipped="0">
  <testcase classname="com.goair.testcases.OneWayTripTest" name="OneWayTripMethod" time="10.651"/>
  <testcase classname="com.goair.testcases.OneWayTripTest" name="OneWayTripMethod" time="15.048"/>
  <testcase classname="com.goair.testcases.OneWayTripTest" name="OneWayTripMethod" time="9.808"/>
  <testcase classname="com.goair.testcases.OneWayTripTest" name="OneWayTripMethod" time="11.931"/>
</testsuite> <!-- com.goair.testcases.OneWayTripTest -->
