<?xml version="1.0" encoding="UTF-8"?>
<!-- Generated by org.testng.reporters.JUnitReportReporter -->
<testsuite hostname="LAPTOP-6VECQCP1" failures="0" tests="4" name="com.goair.testcases.MultiCityTest" time="75.781" errors="0" timestamp="01 Dec 2020 06:34:25 GMT" skipped="0">
  <testcase classname="com.goair.testcases.MultiCityTest" name="MultiCityDriver" time="19.194"/>
  <testcase classname="com.goair.testcases.MultiCityTest" name="MultiCityDriver" time="12.516"/>
  <testcase classname="com.goair.testcases.MultiCityTest" name="MultiCityDriver" time="10.130"/>
  <testcase classname="com.goair.testcases.MultiCityTest" name="MultiCityDriver" time="33.941"/>
</testsuite> <!-- com.goair.testcases.MultiCityTest -->
