<?xml version="1.0" encoding="UTF-8"?>
<!-- Generated by org.testng.reporters.JUnitReportReporter -->
<testsuite hostname="LAPTOP-6VECQCP1" failures="0" tests="4" name="com.goair.testcases.RoundTripTest" time="46.111" errors="0" timestamp="01 Dec 2020 06:34:25 GMT" skipped="0">
  <testcase classname="com.goair.testcases.RoundTripTest" name="roundTripMethod" time="9.905"/>
  <testcase classname="com.goair.testcases.RoundTripTest" name="roundTripMethod" time="14.110"/>
  <testcase classname="com.goair.testcases.RoundTripTest" name="roundTripMethod" time="9.601"/>
  <testcase classname="com.goair.testcases.RoundTripTest" name="roundTripMethod" time="12.495"/>
</testsuite> <!-- com.goair.testcases.RoundTripTest -->
