<?xml version="1.0" encoding="UTF-8"?>
<!-- Generated by org.testng.reporters.JUnitReportReporter -->
<testsuite hostname="LAPTOP-6VECQCP1" failures="0" tests="2" name="com.goair.testcases.FlightStatusTest" time="60.879" errors="0" timestamp="01 Dec 2020 06:39:17 GMT" skipped="0">
  <testcase classname="com.goair.testcases.FlightStatusTest" name="flightStatus" time="28.737"/>
  <testcase classname="com.goair.testcases.FlightStatusTest" name="flightStatus" time="32.142"/>
</testsuite> <!-- com.goair.testcases.FlightStatusTest -->
